<?xml version="1.0" encoding="UTF-8" ?>
<testsuite errors="0" failures="0" hostname="huba" name="TestEchoWithFault" tests="1" time="0.685" timestamp="2009-09-28T14:30:17">
  <properties>
    <property name="default.javac.source" value="1.6" />
    <property name="file.encoding.pkg" value="sun.io" />
    <property name="libs.toplink.maven-pom" value="" />
    <property name="javac.source" value="1.5" />
    <property name="java.home" value="/usr/lib/jvm/java-1.6.0-sun-1.6.0/jre" />
    <property name="ant.file.EchoWithFaultClient-impl" value="/home/hub/ws/projects/examples/WSDL/EchoWithFaultClient/nbproject/build-impl.xml" />
    <property name="libs.metro.src" value="" />
    <property name="compile.on.save.unsupported.jaxws" value="true" />
    <property name="test.src.dir" value="test" />
    <property name="libs.jaxws21.src" value="" />
    <property name="javadoc.version" value="false" />
    <property name="libs.CopyLibs.classpath" value="/opt/02267/nb671/netbeans-6.7.1/java2/ant/extra/org-netbeans-modules-java-j2seproject-copylibstask.jar" />
    <property name="libs.javac-api.src" value="" />
    <property name="libs.restlib.src" value="" />
    <property name="java.endorsed.dirs" value="/usr/lib/jvm/java-1.6.0-sun-1.6.0/jre/lib/endorsed" />
    <property name="libs.MySQLDriver.classpath" value="/opt/02267/nb671/netbeans-6.7.1/ide11/modules/ext/mysql-connector-java-5.1.6-bin.jar" />
    <property name="libs.jaxb.javadoc" value="" />
    <property name="libs.junit.maven-pom" value="" />
    <property name="libs.jsf12.src" value="" />
    <property name="libs.PostgreSQLDriver.src" value="" />
    <property name="src.dir" value="src" />
    <property name="sun.java2d.noddraw" value="true" />
    <property name="nbplatform.default.harness.dir" value="/opt/02267/nb671/netbeans-6.7.1/harness" />
    <property name="debug-args-line" value="-Xdebug" />
    <property name="build.sysclasspath" value="ignore" />
    <property name="have.sources" value="true" />
    <property name="includes" value="**" />
    <property name="source.encoding" value="UTF-8" />
    <property name="libs.jaxws21.classpath" value="/opt/02267/nb671/netbeans-6.7.1/ide11/modules/ext/jaxb/activation.jar:/opt/02267/nb671/netbeans-6.7.1/ide11/modules/ext/jaxb/api/jaxb-api.jar:/opt/02267/nb671/netbeans-6.7.1/ide11/modules/ext/jaxb/jaxb-impl.jar:/opt/02267/nb671/netbeans-6.7.1/ide11/modules/ext/jaxb/jaxb-xjc.jar:/opt/02267/nb671/netbeans-6.7.1/ide11/modules/ext/jaxb/api/jsr173_api.jar:/opt/02267/nb671/netbeans-6.7.1/java2/modules/ext/jaxws21/FastInfoset.jar:/opt/02267/nb671/netbeans-6.7.1/java2/modules/ext/jaxws21/http.jar:/opt/02267/nb671/netbeans-6.7.1/java2/modules/ext/jaxws21/api/jaxws-api.jar:/opt/02267/nb671/netbeans-6.7.1/java2/modules/ext/jaxws21/jaxws-rt.jar:/opt/02267/nb671/netbeans-6.7.1/java2/modules/ext/jaxws21/jaxws-tools.jar:/opt/02267/nb671/netbeans-6.7.1/java2/modules/ext/jaxws21/api/jsr181-api.jar:/opt/02267/nb671/netbeans-6.7.1/java2/modules/ext/jaxws21/api/jsr250-api.jar:/opt/02267/nb671/netbeans-6.7.1/java2/modules/ext/jaxws21/mimepull.jar:/opt/02267/nb671/netbeans-6.7.1/java2/modules/ext/jaxws21/api/saaj-api.jar:/opt/02267/nb671/netbeans-6.7.1/java2/modules/ext/jaxws21/saaj-impl.jar:/opt/02267/nb671/netbeans-6.7.1/java2/modules/ext/jaxws21/sjsxp.jar:/opt/02267/nb671/netbeans-6.7.1/java2/modules/ext/jaxws21/stax-ex.jar:/opt/02267/nb671/netbeans-6.7.1/java2/modules/ext/jaxws21/streambuffer.jar" />
    <property name="libs.swing-app-framework.javadoc" value="/opt/02267/nb671/netbeans-6.7.1/java2/docs/appframework-1.0.3-doc.zip" />
    <property name="sun.os.patch.level" value="unknown" />
    <property name="java.vendor.url" value="http://java.sun.com/" />
    <property name="libs.restapi.src" value="" />
    <property name="java.version" value="1.6.0_15" />
    <property name="nb.show.statistics.ui" value="usageStatisticsEnabled" />
    <property name="javac.debug" value="true" />
    <property name="org.openide.major.version" value="IDE/1" />
    <property name="run.classpath" value=":build/classes" />
    <property name="libs.PostgreSQLDriver.maven-pom" value="" />
    <property name="java.vendor.url.bug" value="http://java.sun.com/cgi-bin/bugreport.cgi" />
    <property name="libs.absolutelayout.javadoc" value="" />
    <property name="libs.junit_4.maven-pom" value="" />
    <property name="netbeans.buildnumber" value="200907230233" />
    <property name="jna.platform.library.path" value="/usr/lib:/lib" />
    <property name="manifest.file" value="manifest.mf" />
    <property name="libs.IdentityAntTasks.classpath" value="/opt/02267/nb671/netbeans-6.7.1/identity2/ant/nblib/org-netbeans-modules-identity-ant.jar:/opt/02267/nb671/netbeans-6.7.1/identity2/modules/org-netbeans-modules-identity-profile-api.jar" />
    <property name="libs.swing-app-framework.maven-pom" value="" />
    <property name="user.name" value="hub" />
    <property name="libs.restlib_gfv2.maven-pom" value="" />
    <property name="empty.dir" value="/home/hub/ws/projects/examples/WSDL/EchoWithFaultClient/build/empty" />
    <property name="sun.io.unicode.encoding" value="UnicodeLittle" />
    <property name="libs.jstl11.maven-pom" value="" />
    <property name="sun.jnu.encoding" value="ISO-8859-1" />
    <property name="java.runtime.name" value="Java(TM) SE Runtime Environment" />
    <property name="jdk.home" value="/usr/lib/jvm/java" />
    <property name="jspc.classpath" value="/opt/02267/nb671/netbeans-6.7.1/java2/ant/lib/ant.jar:/opt/02267/nb671/netbeans-6.7.1/enterprise5/modules/ext/servlet2.5-jsp2.1-api.jar:${j2ee.platform.classpath}:/opt/02267/nb671/netbeans-6.7.1/enterprise5/modules/ext/glassfish-jspparser-2.0.jar:/opt/02267/nb671/netbeans-6.7.1/enterprise5/modules/ext/glassfish-logging-2.0.jar:/opt/02267/nb671/netbeans-6.7.1/ide11/modules/ext/commons-logging-1.1.jar:/opt/02267/nb671/netbeans-6.7.1/java2/ant/lib/ant-launcher.jar" />
    <property name="org.openide.TopManager" value="org.netbeans.core.NonGui" />
    <property name="netbeans.dirs" value="/opt/02267/nb671/netbeans-6.7.1/nb6.7:/opt/02267/nb671/netbeans-6.7.1/ergonomics1:/opt/02267/nb671/netbeans-6.7.1/ide11:/opt/02267/nb671/netbeans-6.7.1/java2:/opt/02267/nb671/netbeans-6.7.1/bin/../xml2:/opt/02267/nb671/netbeans-6.7.1/apisupport1:/opt/02267/nb671/netbeans-6.7.1/webcommon1:/opt/02267/nb671/netbeans-6.7.1/websvccommon1:/opt/02267/nb671/netbeans-6.7.1/enterprise5:/opt/02267/nb671/netbeans-6.7.1/mobility8:/opt/02267/nb671/netbeans-6.7.1/profiler3:/opt/02267/nb671/netbeans-6.7.1/bin/../ruby2:/opt/02267/nb671/netbeans-6.7.1/bin/../python1:/opt/02267/nb671/netbeans-6.7.1/bin/../php1:/opt/02267/nb671/netbeans-6.7.1/bin/../visualweb2:/opt/02267/nb671/netbeans-6.7.1/bin/../soa2:/opt/02267/nb671/netbeans-6.7.1/identity2:/opt/02267/nb671/netbeans-6.7.1/bin/../uml6:/opt/02267/nb671/netbeans-6.7.1/harness:/opt/02267/nb671/netbeans-6.7.1/bin/../cnd2:/opt/02267/nb671/netbeans-6.7.1/bin/../dlight1:/opt/02267/nb671/netbeans-6.7.1/groovy1:/opt/02267/nb671/netbeans-6.7.1/bin/../extra:/opt/02267/nb671/netbeans-6.7.1/bin/../javafx2:" />
    <property name="java.specification.name" value="Java Platform API Specification" />
    <property name="javadoc.author" value="false" />
    <property name="libs.hibernate-support.javadoc" value="" />
    <property name="user.timezone" value="" />
    <property name="manifest.available" value="true" />
    <property name="libs.spring-framework.maven-pom" value="" />
    <property name="libs.swing-layout.maven-pom" value="" />
    <property name="libs.junit.javadoc" value="/opt/02267/nb671/netbeans-6.7.1/java2/docs/junit-3.8.2-api.zip" />
    <property name="org.openide.specification.version" value="6.2" />
    <property name="path.separator" value=":" />
    <property name="libs.restlib_gfv2.src" value="" />
    <property name="version-output" value="java version &quot;1.6" />
    <property name="libs.ejb3-persistence.src" value="" />
    <property name="libs.absolutelayout.classpath" value="/opt/02267/nb671/netbeans-6.7.1/java2/modules/ext/AbsoluteLayout.jar" />
    <property name="libs.jaxb.maven-pom" value="" />
    <property name="netbeans.accept_license_class" value="org.netbeans.license.AcceptLicense" />
    <property name="file.encoding" value="ISO-8859-1" />
    <property name="dist.javadoc.dir" value="dist/javadoc" />
    <property name="libs.hibernate-persistence.javadoc" value="" />
    <property name="libs.ejb3-persistence.classpath" value="/opt/02267/nb671/netbeans-6.7.1/java2/modules/ext/hibernate/ejb3-persistence.jar" />
    <property name="https.nonProxyHosts" value="localhost|127.0.0.1|huba" />
    <property name="libs.junit.src" value="" />
    <property name="libs.metro.maven-pom" value="" />
    <property name="ant.file" value="/home/hub/ws/projects/examples/WSDL/EchoWithFaultClient/build.xml" />
    <property name="subversion.native.library" value="/usr/lib/libsvnjavahl-1.so" />
    <property name="libs.junit_4.src" value="/opt/02267/nb671/netbeans-6.7.1/java2/docs/junit-4.5-src.jar" />
    <property name="java.io.tmpdir" value="/tmp" />
    <property name="build.test.results.dir" value="build/test/results" />
    <property name="user.language" value="en" />
    <property name="line.separator" value="
" />
    <property name="apple.laf.useScreenMenuBar" value="true" />
    <property name="libs.absolutelayout.src" value="" />
    <property name="javac.compilerargs" value="" />
    <property name="libs.hibernate-support.maven-pom" value="" />
    <property name="wsdl-echoWithFaultService" value="/home/hub/ws/projects/examples/WSDL/EchoWithFaultClient/xml-resources/web-service-references/echoWithFaultService/wsdl/localhost_8070/EchoWithFault/echoWithFaultService.wsdl" />
    <property name="libs.restapi.classpath" value="/opt/02267/nb671/netbeans-6.7.1/enterprise5/modules/ext/rest/jsr311-api.jar" />
    <property name="jar.compress" value="false" />
    <property name="debug-transport-by-os" value="dt_socket" />
    <property name="libs.JWSAntTasks.src" value="" />
    <property name="javac.compilerargs.jaxws" value="-Djava.endorsed.dirs=&apos;/opt/02267/nb671/netbeans-6.7.1/java2/modules/ext/jaxws21/api:/opt/02267/nb671/netbeans-6.7.1/ide11/modules/ext/jaxb/api&apos;" />
    <property name="libs.hibernate-persistence.maven-pom" value="" />
    <property name="java.vm.info" value="mixed mode" />
    <property name="libs.javac-api.maven-pom" value="" />
    <property name="libs.restlib.classpath" value="/opt/02267/nb671/netbeans-6.7.1/enterprise5/modules/ext/rest/jersey.jar:/opt/02267/nb671/netbeans-6.7.1/enterprise5/modules/ext/rest/http.jar:/opt/02267/nb671/netbeans-6.7.1/enterprise5/modules/ext/rest/wadl2java.jar:/opt/02267/nb671/netbeans-6.7.1/enterprise5/modules/ext/rest/rome-0.9.jar:/opt/02267/nb671/netbeans-6.7.1/enterprise5/modules/ext/rest/jdom-1.0.jar:/opt/02267/nb671/netbeans-6.7.1/enterprise5/modules/ext/rest/jettison-1.0-RC1.jar:/opt/02267/nb671/netbeans-6.7.1/enterprise5/modules/ext/rest/asm-3.1.jar:/opt/02267/nb671/netbeans-6.7.1/enterprise5/modules/ext/rest/grizzly-servlet-webserver-1.7.3.2.jar:/opt/02267/nb671/netbeans-6.7.1/enterprise5/modules/ext/rest/jersey-spring.jar:/opt/02267/nb671/netbeans-6.7.1/ide11/modules/ext/jaxb/activation.jar:/opt/02267/nb671/netbeans-6.7.1/ide11/modules/ext/jaxb/api/jaxb-api.jar:/opt/02267/nb671/netbeans-6.7.1/ide11/modules/ext/jaxb/jaxb-impl.jar:/opt/02267/nb671/netbeans-6.7.1/ide11/modules/ext/jaxb/jaxb-xjc.jar:/opt/02267/nb671/netbeans-6.7.1/ide11/modules/ext/jaxb/api/jsr173_api.jar" />
    <property name="javadoc.private" value="false" />
    <property name="java.vm.specification.name" value="Java Virtual Machine Specification" />
    <property name="build.test.classes.dir" value="build/test/classes" />
    <property name="libs.jaxb.src" value="" />
    <property name="jaxws.endorsed.dir" value="/opt/02267/nb671/netbeans-6.7.1/java2/modules/ext/jaxws21/api:/opt/02267/nb671/netbeans-6.7.1/ide11/modules/ext/jaxb/api" />
    <property name="libs.MySQLDriver.javadoc" value="" />
    <property name="libs.spring-webmvc.classpath" value="/opt/02267/nb671/netbeans-6.7.1/enterprise5/modules/ext/spring/spring-webmvc-2.5.jar" />
    <property name="netbeans.dynamic.classpath" value="/opt/02267/nb671/netbeans-6.7.1/platform10/core/org-openide-filesystems.jar:/opt/02267/nb671/netbeans-6.7.1/platform10/core/core.jar:/opt/02267/nb671/netbeans-6.7.1/platform10/core/locale/core_pt_BR.jar:/opt/02267/nb671/netbeans-6.7.1/platform10/core/locale/core_zh_CN.jar:/opt/02267/nb671/netbeans-6.7.1/platform10/core/locale/org-openide-filesystems_zh_CN.jar:/opt/02267/nb671/netbeans-6.7.1/platform10/core/locale/org-openide-filesystems_pt_BR.jar:/opt/02267/nb671/netbeans-6.7.1/platform10/core/locale/org-openide-filesystems_ja.jar:/opt/02267/nb671/netbeans-6.7.1/platform10/core/locale/core_ja.jar:/opt/02267/nb671/netbeans-6.7.1/nb6.7/core/org-netbeans-upgrader.jar:/opt/02267/nb671/netbeans-6.7.1/nb6.7/core/locale/core_nb_pt_BR.jar:/opt/02267/nb671/netbeans-6.7.1/nb6.7/core/locale/org-netbeans-upgrader_zh_CN.jar:/opt/02267/nb671/netbeans-6.7.1/nb6.7/core/locale/core_nb_zh_CN.jar:/opt/02267/nb671/netbeans-6.7.1/nb6.7/core/locale/core_nb.jar:/opt/02267/nb671/netbeans-6.7.1/nb6.7/core/locale/org-netbeans-upgrader_pt_BR.jar:/opt/02267/nb671/netbeans-6.7.1/nb6.7/core/locale/org-netbeans-upgrader_ja.jar:/opt/02267/nb671/netbeans-6.7.1/nb6.7/core/locale/core_nb_ja.jar" />
    <property name="libs.beans-binding.javadoc" value="/opt/02267/nb671/netbeans-6.7.1/java2/docs/beansbinding-1.2.1-doc.zip" />
    <property name="platform.active" value="default_platform" />
    <property name="javac.includes.binary" value="" />
    <property name="http.nonProxyHosts" value="localhost|127.0.0.1|huba" />
    <property name="libs.junit_4.javadoc" value="/opt/02267/nb671/netbeans-6.7.1/java2/docs/junit-4.5-api.zip" />
    <property name="javac.includes" value="TestEchoWithFault.java" />
    <property name="libs.spring-framework.src" value="" />
    <property name="libs.beans-binding.maven-pom" value="" />
    <property name="javadoc.encoding" value="UTF-8" />
    <property name="java.awt.printerjob" value="sun.print.PSPrinterJob" />
    <property name="dist.jar" value="dist/EchoWithFaultClient.jar" />
    <property name="meta.inf.dir" value="src/META-INF" />
    <property name="libs.struts.classpath" value="/opt/02267/nb671/netbeans-6.7.1/enterprise5/modules/ext/struts/antlr-2.7.2.jar:/opt/02267/nb671/netbeans-6.7.1/enterprise5/modules/ext/struts/bsf-2.3.0.jar:/opt/02267/nb671/netbeans-6.7.1/enterprise5/modules/ext/struts/commons-beanutils-1.7.0.jar:/opt/02267/nb671/netbeans-6.7.1/enterprise5/modules/ext/struts/commons-chain-1.1.jar:/opt/02267/nb671/netbeans-6.7.1/enterprise5/modules/ext/struts/commons-digester-1.8.jar:/opt/02267/nb671/netbeans-6.7.1/enterprise5/modules/ext/struts/commons-fileupload-1.1.1.jar:/opt/02267/nb671/netbeans-6.7.1/enterprise5/modules/ext/struts/commons-io-1.1.jar:/opt/02267/nb671/netbeans-6.7.1/enterprise5/modules/ext/struts/commons-logging-1.0.4.jar:/opt/02267/nb671/netbeans-6.7.1/enterprise5/modules/ext/struts/commons-validator-1.3.1.jar:/opt/02267/nb671/netbeans-6.7.1/enterprise5/modules/ext/struts/jstl-1.0.2.jar:/opt/02267/nb671/netbeans-6.7.1/enterprise5/modules/ext/struts/oro-2.0.8.jar:/opt/02267/nb671/netbeans-6.7.1/enterprise5/modules/ext/struts/standard-1.0.2.jar:/opt/02267/nb671/netbeans-6.7.1/enterprise5/modules/ext/struts/struts-core-1.3.8.jar:/opt/02267/nb671/netbeans-6.7.1/enterprise5/modules/ext/struts/struts-el-1.3.8.jar:/opt/02267/nb671/netbeans-6.7.1/enterprise5/modules/ext/struts/struts-extras-1.3.8.jar:/opt/02267/nb671/netbeans-6.7.1/enterprise5/modules/ext/struts/struts-faces-1.3.8.jar:/opt/02267/nb671/netbeans-6.7.1/enterprise5/modules/ext/struts/struts-mailreader-dao-1.3.8.jar:/opt/02267/nb671/netbeans-6.7.1/enterprise5/modules/ext/struts/struts-scripting-1.3.8.jar:/opt/02267/nb671/netbeans-6.7.1/enterprise5/modules/ext/struts/struts-taglib-1.3.8.jar:/opt/02267/nb671/netbeans-6.7.1/enterprise5/modules/ext/struts/struts-tiles-1.3.8.jar" />
    <property name="ant.version" value="Apache Ant version 1.7.1 compiled on June 27 2008" />
    <property name="netbeans.home" value="/opt/02267/nb671/netbeans-6.7.1/platform10" />
    <property name="javadoc.nonavbar" value="false" />
    <property name="user.properties.file" value="/home/hub/.netbeans/6.7/build.properties" />
    <property name="libs.JWSAntTasks.classpath" value="/opt/02267/nb671/netbeans-6.7.1/java2/ant/extra/org-netbeans-modules-javawebstart-anttasks.jar" />
    <property name="libs.toplink.classpath" value="/opt/02267/nb671/netbeans-6.7.1/java2/modules/ext/toplink/toplink-essentials.jar:/opt/02267/nb671/netbeans-6.7.1/java2/modules/ext/toplink/toplink-essentials-agent.jar" />
    <property name="netbeans.importclass" value="org.netbeans.upgrade.AutoUpgrade" />
    <property name="libs.jsf12.maven-pom" value="" />
    <property name="libs.spring-framework.javadoc" value="" />
    <property name="libs.IdentityAntTasks.javadoc" value="" />
    <property name="libs.CopyLibs.maven-pom" value="" />
    <property name="useJavaUtilZip" value="true" />
    <property name="build.generated.dir" value="build/generated" />
    <property name="netbeans.home+have.tests" value="true" />
    <property name="libs.restlib.javadoc" value="/opt/02267/nb671/netbeans-6.7.1/enterprise5/docs/jersey-api-doc.zip" />
    <property name="os.name" value="Linux" />
    <property name="java.specification.vendor" value="Sun Microsystems Inc." />
    <property name="libs.metro.javadoc" value="/opt/02267/nb671/netbeans-6.7.1/enterprise5/docs/metro-1.4-doc.zip" />
    <property name="run.test.classpath" value=":build/classes:/opt/02267/nb671/netbeans-6.7.1/platform10/modules/ext/junit-4.5.jar:build/test/classes" />
    <property name="java.vm.name" value="Java HotSpot(TM) Server VM" />
    <property name="libs.CopyLibs.src" value="" />
    <property name="org.openide.version" value="deprecated" />
    <property name="libs.beans-binding.src" value="" />
    <property name="libs.junit.classpath" value="/opt/02267/nb671/netbeans-6.7.1/java2/modules/ext/junit-3.8.2.jar" />
    <property name="java.library.path" value="/usr/lib/jvm/java-1.6.0-sun-1.6.0/jre/lib/i386/server:/usr/lib/jvm/java-1.6.0-sun-1.6.0/jre/lib/i386:/usr/lib/jvm/java-1.6.0-sun-1.6.0/jre/../lib/i386:/usr/lib/jvm/java-1.6.0-sun-1.6.0/jre/lib/i386/client:/usr/lib/jvm/java-1.6.0-sun-1.6.0/jre/lib/i386:/usr/lib/jvm/java-1.6.0-sun-1.6.0/jre/../lib/i386:/usr/java/packages/lib/i386:/lib:/usr/lib" />
    <property name="libs.PostgreSQLDriver.javadoc" value="" />
    <property name="libs.toplink.javadoc" value="/opt/02267/nb671/netbeans-6.7.1/enterprise5/docs/javaee5-doc-api.zip" />
    <property name="ant.java.version" value="1.6" />
    <property name="java.class.version" value="50.0" />
    <property name="basedir" value="/home/hub/ws/projects/examples/WSDL/EchoWithFaultClient" />
    <property name="javadoc.noindex" value="false" />
    <property name="sun.awt.exception.handler" value="org.netbeans.core.startup.TopLogging$AWTHandler" />
    <property name="javac.test.classpath" value=":build/classes:/opt/02267/nb671/netbeans-6.7.1/platform10/modules/ext/junit-4.5.jar" />
    <property name="ant.home" value="/opt/02267/nb671/netbeans-6.7.1/java2/ant" />
    <property name="libs.hibernate-persistence.src" value="" />
    <property name="javadoc.splitindex" value="true" />
    <property name="libs.toplink.src" value="" />
    <property name="libs.javac-api.javadoc" value="" />
    <property name="javadoc.preview" value="true" />
    <property name="libs.MySQLDriver.maven-pom" value="" />
    <property name="libs.CopyLibs.javadoc" value="" />
    <property name="libs.restapi.javadoc" value="/opt/02267/nb671/netbeans-6.7.1/enterprise5/docs/jsr311-api-doc.zip" />
    <property name="libs.PostgreSQLDriver.classpath" value="/opt/02267/nb671/netbeans-6.7.1/ide11/modules/ext/postgresql-8.3-603.jdbc3.jar" />
    <property name="libs.jaxws21.maven-pom" value="" />
    <property name="libs.junit_4.classpath" value="/opt/02267/nb671/netbeans-6.7.1/platform10/modules/ext/junit-4.5.jar" />
    <property name="build.dir" value="build" />
    <property name="sun.boot.library.path" value="/usr/lib/jvm/java-1.6.0-sun-1.6.0/jre/lib/i386" />
    <property name="libs.spring-webmvc.src" value="" />
    <property name="sun.management.compiler" value="HotSpot Tiered Compilers" />
    <property name="libs.swing-app-framework.classpath" value="/opt/02267/nb671/netbeans-6.7.1/java2/modules/ext/appframework-1.0.3.jar:/opt/02267/nb671/netbeans-6.7.1/java2/modules/ext/swing-worker-1.1.jar" />
    <property name="libs.ejb3-persistence.javadoc" value="" />
    <property name="libs.restlib_gfv2.classpath" value="/opt/02267/nb671/glassfish/lib/asm-3.1.jar:/opt/02267/nb671/glassfish/lib/jersey-bundle-1.1.2-ea.jar:/opt/02267/nb671/glassfish/lib/jettison-1.0.1.jar:/opt/02267/nb671/glassfish/lib/jsr311-api-1.1.jar" />
    <property name="java.awt.graphicsenv" value="sun.awt.X11GraphicsEnvironment" />
    <property name="javadoc.encoding.used" value="UTF-8" />
    <property name="org.netbeans.core.startup.specialResource" value="nullcom.sun.jdo.api.persistence.mapping.ejb" />
    <property name="javadoc.windowtitle" value="" />
    <property name="libs.hibernate-support.src" value="" />
    <property name="libs.jstl11.javadoc" value="/opt/02267/nb671/netbeans-6.7.1/enterprise5/docs/javaee5-doc-api.zip" />
    <property name="run.jvmargs" value="" />
    <property name="libs.IdentityAntTasks.src" value="" />
    <property name="build.generated.sources.dir" value="build/generated-sources" />
    <property name="build.compiler.emacs" value="true" />
    <property name="libs.jstl11.src" value="" />
    <property name="ant.project.name" value="EchoWithFaultClient" />
    <property name="libs.swing-layout.classpath" value="/opt/02267/nb671/netbeans-6.7.1/platform10/modules/ext/swing-layout-1.0.3.jar" />
    <property name="libs.spring-framework.classpath" value="/opt/02267/nb671/netbeans-6.7.1/ide11/modules/ext/commons-logging-1.1.jar:/opt/02267/nb671/netbeans-6.7.1/java2/modules/ext/cglib-2.2.jar:/opt/02267/nb671/netbeans-6.7.1/java2/modules/ext/spring/spring-2.5.jar" />
    <property name="libs.IdentityAntTasks.maven-pom" value="" />
    <property name="java.vm.specification.version" value="1.0" />
    <property name="work.dir" value="/home/hub/ws/projects/examples/WSDL/EchoWithFaultClient" />
    <property name="libs.jaxb.classpath" value="/opt/02267/nb671/netbeans-6.7.1/ide11/modules/ext/jaxb/activation.jar:/opt/02267/nb671/netbeans-6.7.1/ide11/modules/ext/jaxb/api/jaxb-api.jar:/opt/02267/nb671/netbeans-6.7.1/ide11/modules/ext/jaxb/jaxb-impl.jar:/opt/02267/nb671/netbeans-6.7.1/ide11/modules/ext/jaxb/jaxb-xjc.jar:/opt/02267/nb671/netbeans-6.7.1/ide11/modules/ext/jaxb/api/jsr173_api.jar" />
    <property name="javadoc.use" value="true" />
    <property name="sun.cpu.isalist" value="" />
    <property name="java.ext.dirs" value="/usr/lib/jvm/java-1.6.0-sun-1.6.0/jre/lib/ext:/usr/java/packages/lib/ext" />
    <property name="os.version" value="2.6.25.20-0.4-pae" />
    <property name="libs.jstl11.classpath" value="/opt/02267/nb671/netbeans-6.7.1/enterprise5/modules/ext/standard.jar:/opt/02267/nb671/netbeans-6.7.1/enterprise5/modules/ext/jstl.jar" />
    <property name="excludes" value="" />
    <property name="user.home" value="/home/hub" />
    <property name="org.xml.sax.driver" value="com.sun.org.apache.xerces.internal.jaxp.SAXParserImpl$JAXPSAXParser" />
    <property name="libs.metro.classpath" value="/opt/02267/nb671/netbeans-6.7.1/ide11/modules/ext/jaxb/activation.jar:/opt/02267/nb671/netbeans-6.7.1/enterprise5/modules/ext/metro/webservices-api.jar:/opt/02267/nb671/netbeans-6.7.1/enterprise5/modules/ext/metro/webservices-extra-api.jar:/opt/02267/nb671/netbeans-6.7.1/enterprise5/modules/ext/metro/webservices-extra.jar:/opt/02267/nb671/netbeans-6.7.1/enterprise5/modules/ext/metro/webservices-rt.jar:/opt/02267/nb671/netbeans-6.7.1/enterprise5/modules/ext/metro/webservices-tools.jar" />
    <property name="java.vm.vendor" value="Sun Microsystems Inc." />
    <property name="libs.struts.src" value="" />
    <property name="libs.absolutelayout.maven-pom" value="" />
    <property name="user.dir" value="/home/hub/teaching/02267/2009/projects/examples/WSDL/EchoWithFaultClient" />
    <property name="org.openide.TopManager.GUI" value="true" />
    <property name="libs.jsf12.javadoc" value="/opt/02267/nb671/netbeans-6.7.1/enterprise5/docs/javaee5-doc-api.zip" />
    <property name="debug-transport" value="dt_socket" />
    <property name="libs.ejb3-persistence.maven-pom" value="" />
    <property name="application.args" value="" />
    <property name="sun.cpu.endian" value="little" />
    <property name="compile.on.save" value="true" />
    <property name="libs.hibernate-support.classpath" value="/opt/02267/nb671/netbeans-6.7.1/java2/modules/ext/hibernate/antlr-2.7.6.jar:/opt/02267/nb671/netbeans-6.7.1/java2/modules/ext/hibernate/asm.jar:/opt/02267/nb671/netbeans-6.7.1/java2/modules/ext/hibernate/asm-attrs.jar:/opt/02267/nb671/netbeans-6.7.1/java2/modules/ext/hibernate/cglib-2.1.3.jar:/opt/02267/nb671/netbeans-6.7.1/java2/modules/ext/hibernate/commons-collections-2.1.1.jar:/opt/02267/nb671/netbeans-6.7.1/ide11/modules/ext/commons-logging-1.1.jar:/opt/02267/nb671/netbeans-6.7.1/java2/modules/ext/hibernate/dom4j-1.6.1.jar:/opt/02267/nb671/netbeans-6.7.1/java2/modules/ext/hibernate/ehcache-1.2.3.jar:/opt/02267/nb671/netbeans-6.7.1/java2/modules/ext/hibernate/jdbc2_0-stdext.jar:/opt/02267/nb671/netbeans-6.7.1/java2/modules/ext/hibernate/jta.jar:/opt/02267/nb671/netbeans-6.7.1/java2/modules/ext/hibernate/hibernate3.jar:/opt/02267/nb671/netbeans-6.7.1/java2/modules/ext/hibernate/hibernate-tools.jar:/opt/02267/nb671/netbeans-6.7.1/java2/modules/ext/hibernate/hibernate-annotations.jar:/opt/02267/nb671/netbeans-6.7.1/java2/modules/ext/hibernate/hibernate-commons-annotations.jar:/opt/02267/nb671/netbeans-6.7.1/java2/modules/ext/hibernate/hibernate-entitymanager.jar:/opt/02267/nb671/netbeans-6.7.1/java2/modules/ext/hibernate/javassist.jar" />
    <property name="libs.MySQLDriver.src" value="" />
    <property name="java.vm.version" value="14.1-b02" />
    <property name="java.class.path" value="/home/hub/ws/projects/examples/WSDL/EchoWithFaultClient/build/classes:/opt/02267/nb671/netbeans-6.7.1/platform10/modules/ext/junit-4.5.jar:/home/hub/ws/projects/examples/WSDL/EchoWithFaultClient/build/test/classes:/opt/02267/nb671/netbeans-6.7.1/java2/ant/lib/ant-launcher.jar:/opt/02267/nb671/netbeans-6.7.1/java2/ant/lib/ant.jar:/opt/02267/nb671/netbeans-6.7.1/java2/ant/patches/72080.jar" />
    <property name="libs.hibernate-persistence.classpath" value="/opt/02267/nb671/netbeans-6.7.1/java2/modules/ext/hibernate/antlr-2.7.6.jar:/opt/02267/nb671/netbeans-6.7.1/java2/modules/ext/hibernate/asm.jar:/opt/02267/nb671/netbeans-6.7.1/java2/modules/ext/hibernate/asm-attrs.jar:/opt/02267/nb671/netbeans-6.7.1/java2/modules/ext/hibernate/cglib-2.1.3.jar:/opt/02267/nb671/netbeans-6.7.1/java2/modules/ext/hibernate/commons-collections-2.1.1.jar:/opt/02267/nb671/netbeans-6.7.1/ide11/modules/ext/commons-logging-1.1.jar:/opt/02267/nb671/netbeans-6.7.1/java2/modules/ext/hibernate/dom4j-1.6.1.jar:/opt/02267/nb671/netbeans-6.7.1/java2/modules/ext/hibernate/ehcache-1.2.3.jar:/opt/02267/nb671/netbeans-6.7.1/java2/modules/ext/hibernate/jdbc2_0-stdext.jar:/opt/02267/nb671/netbeans-6.7.1/java2/modules/ext/hibernate/jta.jar:/opt/02267/nb671/netbeans-6.7.1/java2/modules/ext/hibernate/hibernate3.jar:/opt/02267/nb671/netbeans-6.7.1/java2/modules/ext/hibernate/hibernate-tools.jar:/opt/02267/nb671/netbeans-6.7.1/java2/modules/ext/hibernate/hibernate-annotations.jar:/opt/02267/nb671/netbeans-6.7.1/java2/modules/ext/hibernate/hibernate-commons-annotations.jar:/opt/02267/nb671/netbeans-6.7.1/java2/modules/ext/hibernate/hibernate-entitymanager.jar:/opt/02267/nb671/netbeans-6.7.1/java2/modules/ext/hibernate/javassist.jar:/opt/02267/nb671/netbeans-6.7.1/java2/modules/ext/hibernate/ejb3-persistence.jar" />
    <property name="os.arch" value="i386" />
    <property name="javac.deprecation" value="false" />
    <property name="nbplatform.default.netbeans.dest.dir" value="/opt/02267/nb671/netbeans-6.7.1" />
    <property name="build.classes.excludes" value="**/*.java,**/*.form" />
    <property name="dist.dir" value="dist" />
    <property name="netbeans.user" value="/home/hub/.netbeans/6.7" />
    <property name="debug.classpath" value=":build/classes" />
    <property name="sun.java.launcher" value="SUN_STANDARD" />
    <property name="ant.core.lib" value="/opt/02267/nb671/netbeans-6.7.1/java2/ant/lib/ant.jar" />
    <property name="java.vm.specification.vendor" value="Sun Microsystems Inc." />
    <property name="com.sun.aas.installRoot" value="/opt/02267/nb671/glassfish" />
    <property name="libs.restapi.maven-pom" value="" />
    <property name="do.depend" value="false" />
    <property name="file.separator" value="/" />
    <property name="java.runtime.version" value="1.6.0_15-b03" />
    <property name="sun.boot.class.path" value="/usr/lib/jvm/java-1.6.0-sun-1.6.0/jre/lib/resources.jar:/usr/lib/jvm/java-1.6.0-sun-1.6.0/jre/lib/rt.jar:/usr/lib/jvm/java-1.6.0-sun-1.6.0/jre/lib/sunrsasign.jar:/usr/lib/jvm/java-1.6.0-sun-1.6.0/jre/lib/jsse.jar:/usr/lib/jvm/java-1.6.0-sun-1.6.0/jre/lib/jce.jar:/usr/lib/jvm/java-1.6.0-sun-1.6.0/jre/lib/charsets.jar:/usr/lib/jvm/java-1.6.0-sun-1.6.0/jre/classes" />
    <property name="debug.test.classpath" value=":build/classes:/opt/02267/nb671/netbeans-6.7.1/platform10/modules/ext/junit-4.5.jar:build/test/classes" />
    <property name="libs.restlib.maven-pom" value="" />
    <property name="libs.beans-binding.classpath" value="/opt/02267/nb671/netbeans-6.7.1/java2/modules/ext/beansbinding-1.2.1.jar" />
    <property name="jspctask.classpath" value="/opt/02267/nb671/netbeans-6.7.1/enterprise5/ant/extra/jspcompile.jar" />
    <property name="have.tests" value="true" />
    <property name="main.class" value="" />
    <property name="test.includes" value="TestEchoWithFault.java" />
    <property name="libs.spring-webmvc.maven-pom" value="" />
    <property name="libs.spring-webmvc.javadoc" value="" />
    <property name="libs.JWSAntTasks.maven-pom" value="" />
    <property name="java.util.logging.config.class" value="org.netbeans.core.startup.TopLogging" />
    <property name="libs.javac-api.classpath" value="/opt/02267/nb671/netbeans-6.7.1/java2/modules/ext/javac-api-nb-7.0-b07.jar" />
    <property name="ant.file.EchoWithFaultClient" value="/home/hub/ws/projects/examples/WSDL/EchoWithFaultClient/build.xml" />
    <property name="user.country" value="US" />
    <property name="javadoc.notree" value="false" />
    <property name="libs.struts.javadoc" value="/opt/02267/nb671/netbeans-6.7.1/enterprise5/docs/struts-1.3.8-javadoc.zip" />
    <property name="libs.restlib_gfv2.javadoc" value="" />
    <property name="libs.jaxws21.javadoc" value="/opt/02267/nb671/netbeans-6.7.1/java2/docs/jaxws-2_1-api-doc.zip" />
    <property name="libs.jsf12.classpath" value="/opt/02267/nb671/netbeans-6.7.1/enterprise5/modules/ext/jsf-1_2/commons-beanutils.jar:/opt/02267/nb671/netbeans-6.7.1/enterprise5/modules/ext/jsf-1_2/commons-collections.jar:/opt/02267/nb671/netbeans-6.7.1/enterprise5/modules/ext/jsf-1_2/commons-digester.jar:/opt/02267/nb671/netbeans-6.7.1/enterprise5/modules/ext/jsf-1_2/commons-logging.jar:/opt/02267/nb671/netbeans-6.7.1/enterprise5/modules/ext/jsf-1_2/jsf-api.jar:/opt/02267/nb671/netbeans-6.7.1/enterprise5/modules/ext/jsf-1_2/jsf-impl.jar" />
    <property name="javadoc.additionalparam" value="" />
    <property name="javac.classpath" value="" />
    <property name="default.javac.target" value="1.6" />
    <property name="build.classes.dir" value="build/classes" />
    <property name="libs.swing-layout.src" value="/opt/02267/nb671/netbeans-6.7.1/platform10/docs/swing-layout-1.0.3-src.zip" />
    <property name="libs.swing-layout.javadoc" value="/opt/02267/nb671/netbeans-6.7.1/platform10/docs/swing-layout-1.0.3-doc.zip" />
    <property name="java.vendor" value="Sun Microsystems Inc." />
    <property name="javac.target" value="1.5" />
    <property name="libs.swing-app-framework.src" value="" />
    <property name="java.specification.version" value="1.6" />
    <property name="libs.JWSAntTasks.javadoc" value="" />
    <property name="libs.struts.maven-pom" value="" />
    <property name="sun.arch.data.model" value="32" />
  </properties>
  <testcase classname="TestEchoWithFault" name="testEchoWithFault" time="0.606" />
  <system-out><![CDATA[]]></system-out>
  <system-err><![CDATA[]]></system-err>
</testsuite>
